Build started 04.05.2013 16:00:31.
     1>Project "C:\Users\DavidLP\Documents\Visual Studio 2010\Projects\BLOSC\RawDataConverter\RawDataConverter.vcxproj" on node 2 (build target(s)).
     1>InitializeBuildStatus:
         Creating "Release\RawDataConverter.unsuccessfulbuild" because "AlwaysCreate" was specified.
       ClCompile:
         All outputs are up-to-date.
         All outputs are up-to-date.
         c:\Program Files\Microsoft Visual Studio 10.0\VC\bin\CL.exe /c /I"C:\Progra~1\HDF_Group\blosc-1.1.5/hdf5" /I"C:\Progra~1\HDF_Group\HDF5\1.8.10/include/cpp" /I"C:\Progra~1\HDF_Group\HDF5\1.8.10/include" /Zi /nologo /W3 /WX- /O2 /Oi /Oy- /GL /D WIN32 /D NDEBUG /D _CONSOLE /D _UNICODE /D UNICODE /Gm- /EHsc /MD /GS /Gy /arch:SSE2 /fp:precise /Zc:wchar_t /Zc:forScope /Yu"StdAfx.h" /Fp"Release\RawDataConverter.pch" /Fo"Release\\" /Fd"Release\vc100.pdb" /Gd /TP /analyze- /errorReport:prompt Occupancy.cpp
         Occupancy.cpp
       Link:
         c:\Program Files\Microsoft Visual Studio 10.0\VC\bin\link.exe /ERRORREPORT:PROMPT /OUT:"C:\Users\DavidLP\Documents\Visual Studio 2010\Projects\BLOSC\Release\RawDataConverter.exe" /INCREMENTAL:NO /NOLOGO "C:\Progra~1\HDF_Group\HDF5\1.8.10/lib/hdf5dll.lib" "C:\Progra~1\HDF_Group\HDF5\1.8.10/lib/hdf5_cppdll.lib" "C:\Progra~1\HDF_Group\blosc-1.1.5/bin/Release/blosc.obj" "C:\Progra~1\HDF_Group\blosc-1.1.5/bin/Release/blosclz.obj" "C:\Progra~1\HDF_Group\blosc-1.1.5/bin/Release/shuffle.obj" "C:\Progra~1\HDF_Group\HDF5\1.8.10/lib/hdf5_hldll.lib" kernel32.lib user32.lib gdi32.lib winspool.lib comdlg32.lib advapi32.lib shell32.lib ole32.lib oleaut32.lib uuid.lib odbc32.lib odbccp32.lib /MANIFEST /ManifestFile:"Release\RawDataConverter.exe.intermediate.manifest" /MANIFESTUAC:"level='asInvoker' uiAccess='false'" /DEBUG /PDB:"C:\Users\DavidLP\Documents\Visual Studio 2010\Projects\BLOSC\Release\RawDataConverter.pdb" /SUBSYSTEM:CONSOLE /OPT:REF /OPT:ICF /LTCG /TLBID:1 /DYNAMICBASE /NXCOMPAT /IMPLIB:"C:\Users\DavidLP\Documents\Visual Studio 2010\Projects\BLOSC\Release\RawDataConverter.lib" /MACHINE:X86 Release\blosc_filter.obj
         Release\Interpret.obj
         Release\Occupancy.obj
         Release\RawDataConverter.obj
         Release\stdafx.obj
         Generating code
         Finished generating code
         RawDataConverter.vcxproj -> C:\Users\DavidLP\Documents\Visual Studio 2010\Projects\BLOSC\Release\RawDataConverter.exe
       Manifest:
         C:\Program Files\Microsoft SDKs\Windows\v7.0A\bin\mt.exe /nologo /verbose /outputresource:"C:\Users\DavidLP\Documents\Visual Studio 2010\Projects\BLOSC\Release\RawDataConverter.exe;#1" /manifest Release\RawDataConverter.exe.intermediate.manifest
       FinalizeBuildStatus:
         Deleting file "Release\RawDataConverter.unsuccessfulbuild".
         Touching "Release\RawDataConverter.lastbuildstate".
     1>Done Building Project "C:\Users\DavidLP\Documents\Visual Studio 2010\Projects\BLOSC\RawDataConverter\RawDataConverter.vcxproj" (build target(s)).

Build succeeded.

Time Elapsed 00:00:01.60
