..\..\..\..\..\Desktop\out\BLOSC.pdb
C:\BIN\BLOSC.EXE
C:\USERS\DAVIDLP\DESKTOP\BLOSC.EXE
C:\USERS\DAVIDLP\DESKTOP\OUT\BLOSC.EXE
C:\USERS\DAVIDLP\DESKTOP\OUT\BLOSC.PDB
C:\Users\DavidLP\Documents\Visual Studio 2010\Projects\BLOSC\BLOSC\..\..\..\..\..\Desktop\out\BLOSC.exe
C:\USERS\DAVIDLP\DOCUMENTS\VISUAL STUDIO 2010\PROJECTS\BLOSC\BLOSC\BLOSC.EXE
C:\USERS\DAVIDLP\DOCUMENTS\VISUAL STUDIO 2010\PROJECTS\BLOSC\BLOSC\RELEASE\BLOSC.EXE
C:\USERS\DAVIDLP\DOCUMENTS\VISUAL STUDIO 2010\PROJECTS\BLOSC\BLOSC\RELEASE\BLOSC.EXE.INTERMEDIATE.MANIFEST
C:\USERS\DAVIDLP\DOCUMENTS\VISUAL STUDIO 2010\PROJECTS\BLOSC\BLOSC\RELEASE\BLOSC.OBJ
C:\Users\DavidLP\Documents\Visual Studio 2010\Projects\BLOSC\BLOSC\Release\BLOSC.pdb
C:\USERS\DAVIDLP\DOCUMENTS\VISUAL STUDIO 2010\PROJECTS\BLOSC\BLOSC\RELEASE\BLOSC_FILTER.OBJ
C:\USERS\DAVIDLP\DOCUMENTS\VISUAL STUDIO 2010\PROJECTS\BLOSC\BLOSC\RELEASE\BLOSCEXAMPLE.OBJ
C:\USERS\DAVIDLP\DOCUMENTS\VISUAL STUDIO 2010\PROJECTS\BLOSC\BLOSC\RELEASE\BLOSCLZ.OBJ
C:\Users\DavidLP\Documents\Visual Studio 2010\Projects\BLOSC\BLOSC\Release\cl.command.1.tlog
C:\Users\DavidLP\Documents\Visual Studio 2010\Projects\BLOSC\BLOSC\Release\CL.read.1.tlog
C:\Users\DavidLP\Documents\Visual Studio 2010\Projects\BLOSC\BLOSC\Release\CL.write.1.tlog
C:\Users\DavidLP\Documents\Visual Studio 2010\Projects\BLOSC\BLOSC\Release\link.command.1.tlog
C:\Users\DavidLP\Documents\Visual Studio 2010\Projects\BLOSC\BLOSC\Release\link.read.1.tlog
C:\Users\DavidLP\Documents\Visual Studio 2010\Projects\BLOSC\BLOSC\Release\link.write.1.tlog
C:\Users\DavidLP\Documents\Visual Studio 2010\Projects\BLOSC\BLOSC\Release\mt.command.1.tlog
C:\Users\DavidLP\Documents\Visual Studio 2010\Projects\BLOSC\BLOSC\Release\mt.read.1.tlog
C:\Users\DavidLP\Documents\Visual Studio 2010\Projects\BLOSC\BLOSC\Release\mt.write.1.tlog
C:\USERS\DAVIDLP\DOCUMENTS\VISUAL STUDIO 2010\PROJECTS\BLOSC\BLOSC\RELEASE\SHUFFLE.OBJ
C:\USERS\DAVIDLP\DOCUMENTS\VISUAL STUDIO 2010\PROJECTS\BLOSC\BLOSC\RELEASE\VC100.PDB
C:\USERS\DAVIDLP\DOCUMENTS\VISUAL STUDIO 2010\PROJECTS\BLOSC\RELEASE\BLOSC.EXE
C:\USERS\DAVIDLP\DOCUMENTS\VISUAL STUDIO 2010\PROJECTS\BLOSC\RELEASE\BLOSC.PDB
