Build started 01.05.2013 16:51:12.
     1>Project "C:\Users\DavidLP\Documents\Visual Studio 2010\Projects\BLOSC\BLOSC\BLOSC.vcxproj" on node 2 (build target(s)).
     1>InitializeBuildStatus:
         Creating "Debug\BLOSC.unsuccessfulbuild" because "AlwaysCreate" was specified.
       ClCompile:
         c:\Program Files\Microsoft Visual Studio 10.0\VC\bin\CL.exe /c /I"C:\Progra~1\HDF_Group\HDF5\1.8.10/include" /ZI /nologo /W3 /WX- /Od /Oy- /D WIN32 /D _DEBUG /D _CONSOLE /D _WIN32 /D _UNICODE /D UNICODE /Gm /EHsc /RTC1 /MDd /GS /fp:precise /Zc:wchar_t /Zc:forScope /Fo"Debug\\" /Fd"Debug\vc100.pdb" /Gd /TC /analyze- /errorReport:prompt "..\..\..\..\..\..\..\Program Files\HDF_Group\blosc-1.1.5\blosc\blosc.c" "..\..\..\..\..\..\..\Program Files\HDF_Group\blosc-1.1.5\blosc\blosclz.c" "..\..\..\..\..\..\..\Program Files\HDF_Group\blosc-1.1.5\blosc\shuffle.c" "..\..\..\..\..\..\..\Program Files\HDF_Group\blosc-1.1.5\hdf5\BloscExample.c" "..\..\..\..\..\..\..\Program Files\HDF_Group\blosc-1.1.5\hdf5\blosc_filter.c"
         blosc_filter.c
     1>c:\program files\hdf_group\blosc-1.1.5\hdf5\blosc_filter.c(82): warning C4996: 'strdup': The POSIX name for this item is deprecated. Instead, use the ISO C++ conformant name: _strdup. See online help for details.
                 c:\program files\microsoft visual studio 10.0\vc\include\string.h(238) : see declaration of 'strdup'
     1>c:\program files\hdf_group\blosc-1.1.5\hdf5\blosc_filter.c(83): warning C4996: 'strdup': The POSIX name for this item is deprecated. Instead, use the ISO C++ conformant name: _strdup. See online help for details.
                 c:\program files\microsoft visual studio 10.0\vc\include\string.h(238) : see declaration of 'strdup'
     1>c:\program files\hdf_group\blosc-1.1.5\hdf5\blosc_filter.c(151): warning C4244: '*=' : conversion from 'hsize_t' to 'unsigned int', possible loss of data
         BloscExample.c
     1>c:\program files\hdf_group\blosc-1.1.5\hdf5\bloscexample.c(54): warning C4244: '=' : conversion from 'int' to 'float', possible loss of data
         shuffle.c
         blosclz.c
         blosc.c
     1>c:\program files\hdf_group\blosc-1.1.5\blosc\blosc.c(1171): warning C4996: 'strerror': This function or variable may be unsafe. Consider using strerror_s instead. To disable deprecation, use _CRT_SECURE_NO_WARNINGS. See online help for details.
                 c:\program files\microsoft visual studio 10.0\vc\include\string.h(157) : see declaration of 'strerror'
     1>c:\program files\hdf_group\blosc-1.1.5\blosc\blosc.c(1213): warning C4996: 'strerror': This function or variable may be unsafe. Consider using strerror_s instead. To disable deprecation, use _CRT_SECURE_NO_WARNINGS. See online help for details.
                 c:\program files\microsoft visual studio 10.0\vc\include\string.h(157) : see declaration of 'strerror'
     1>c:\program files\hdf_group\blosc-1.1.5\blosc\blosc.c(1253): warning C4996: 'strerror': This function or variable may be unsafe. Consider using strerror_s instead. To disable deprecation, use _CRT_SECURE_NO_WARNINGS. See online help for details.
                 c:\program files\microsoft visual studio 10.0\vc\include\string.h(157) : see declaration of 'strerror'
         Generating Code...
       ManifestResourceCompile:
         C:\Program Files\Microsoft SDKs\Windows\v7.0A\bin\rc.exe /nologo /fo"Debug\BLOSC.exe.embed.manifest.res" Debug\BLOSC_manifest.rc 
       Link:
         c:\Program Files\Microsoft Visual Studio 10.0\VC\bin\link.exe /ERRORREPORT:PROMPT /OUT:"C:\Users\DavidLP\Documents\Visual Studio 2010\Projects\BLOSC\Debug\BLOSC.exe" /INCREMENTAL /NOLOGO "C:\Progra~1\HDF_Group\HDF5\1.8.10/lib/hdf5dll.lib" kernel32.lib user32.lib gdi32.lib winspool.lib comdlg32.lib advapi32.lib shell32.lib ole32.lib oleaut32.lib uuid.lib odbc32.lib odbccp32.lib /MANIFEST /ManifestFile:"Debug\BLOSC.exe.intermediate.manifest" /MANIFESTUAC:"level='asInvoker' uiAccess='false'" /DEBUG /PDB:"C:\Users\DavidLP\Documents\Visual Studio 2010\Projects\BLOSC\Debug\BLOSC.pdb" /SUBSYSTEM:CONSOLE /TLBID:1 /DYNAMICBASE /NXCOMPAT /IMPLIB:"C:\Users\DavidLP\Documents\Visual Studio 2010\Projects\BLOSC\Debug\BLOSC.lib" /MACHINE:X86 Debug\BLOSC.exe.embed.manifest.res
         Debug\blosc.obj
         Debug\blosclz.obj
         Debug\shuffle.obj
         Debug\BloscExample.obj
         Debug\blosc_filter.obj
       Manifest:
         Deleting file "Debug\BLOSC.exe.embed.manifest".
         C:\Program Files\Microsoft SDKs\Windows\v7.0A\bin\mt.exe /nologo /verbose /out:"Debug\BLOSC.exe.embed.manifest" /manifest Debug\BLOSC.exe.intermediate.manifest
         C:\Program Files\Microsoft SDKs\Windows\v7.0A\bin\rc.exe /nologo /fo"Debug\BLOSC.exe.embed.manifest.res" Debug\BLOSC_manifest.rc 
       LinkEmbedManifest:
         c:\Program Files\Microsoft Visual Studio 10.0\VC\bin\link.exe /ERRORREPORT:PROMPT /OUT:"C:\Users\DavidLP\Documents\Visual Studio 2010\Projects\BLOSC\Debug\BLOSC.exe" /INCREMENTAL /NOLOGO "C:\Progra~1\HDF_Group\HDF5\1.8.10/lib/hdf5dll.lib" kernel32.lib user32.lib gdi32.lib winspool.lib comdlg32.lib advapi32.lib shell32.lib ole32.lib oleaut32.lib uuid.lib odbc32.lib odbccp32.lib /MANIFEST /ManifestFile:"Debug\BLOSC.exe.intermediate.manifest" /MANIFESTUAC:"level='asInvoker' uiAccess='false'" /DEBUG /PDB:"C:\Users\DavidLP\Documents\Visual Studio 2010\Projects\BLOSC\Debug\BLOSC.pdb" /SUBSYSTEM:CONSOLE /TLBID:1 /DYNAMICBASE /NXCOMPAT /IMPLIB:"C:\Users\DavidLP\Documents\Visual Studio 2010\Projects\BLOSC\Debug\BLOSC.lib" /MACHINE:X86 Debug\BLOSC.exe.embed.manifest.res
         Debug\blosc.obj
         Debug\blosclz.obj
         Debug\shuffle.obj
         Debug\BloscExample.obj
         Debug\blosc_filter.obj
         BLOSC.vcxproj -> C:\Users\DavidLP\Documents\Visual Studio 2010\Projects\BLOSC\Debug\BLOSC.exe
       FinalizeBuildStatus:
         Deleting file "Debug\BLOSC.unsuccessfulbuild".
         Touching "Debug\BLOSC.lastbuildstate".
     1>Done Building Project "C:\Users\DavidLP\Documents\Visual Studio 2010\Projects\BLOSC\BLOSC\BLOSC.vcxproj" (build target(s)).

Build succeeded.

Time Elapsed 00:00:05.39
