Build started 03.05.2013 19:52:04.
     1>Project "C:\Users\DavidLP\Documents\Visual Studio 2010\Projects\BLOSC\RawDataConverter\RawDataConverter.vcxproj" on node 2 (build target(s)).
     1>InitializeBuildStatus:
         Creating "Debug\RawDataConverter.unsuccessfulbuild" because "AlwaysCreate" was specified.
       ClCompile:
         All outputs are up-to-date.
         All outputs are up-to-date.
         c:\Program Files\Microsoft Visual Studio 10.0\VC\bin\CL.exe /c /I"C:\Progra~1\HDF_Group\blosc-1.1.5/hdf5" /I"C:\Progra~1\HDF_Group\HDF5\1.8.10/include" /I"C:\Progra~1\HDF_Group\HDF5\1.8.10/include/cpp" /ZI /nologo /W3 /WX- /Od /Oy- /D WIN32 /D _DEBUG /D _CONSOLE /D _UNICODE /D UNICODE /Gm /EHsc /RTC1 /MDd /GS /fp:precise /Zc:wchar_t /Zc:forScope /Yu"StdAfx.h" /Fp"Debug\RawDataConverter.pch" /Fo"Debug\\" /Fd"Debug\vc100.pdb" /Gd /TP /analyze- /errorReport:prompt Interpret.cpp Occupancy.cpp RawDataConverter.cpp
         RawDataConverter.cpp
     1>c:\program files\hdf_group\hdf5\1.8.10\include\cpp\h5exception.h(82): warning C4251: 'H5::Exception::detail_message' : class 'std::basic_string<_Elem,_Traits,_Ax>' needs to have dll-interface to be used by clients of class 'H5::Exception'
                 with
                 [
                     _Elem=char,
                     _Traits=std::char_traits<char>,
                     _Ax=std::allocator<char>
                 ]
     1>c:\program files\hdf_group\hdf5\1.8.10\include\cpp\h5exception.h(83): warning C4251: 'H5::Exception::func_name' : class 'std::basic_string<_Elem,_Traits,_Ax>' needs to have dll-interface to be used by clients of class 'H5::Exception'
                 with
                 [
                     _Elem=char,
                     _Traits=std::char_traits<char>,
                     _Ax=std::allocator<char>
                 ]
     1>c:\users\davidlp\documents\visual studio 2010\projects\blosc\rawdataconverter\rawdataconverter.cpp(207): warning C4244: 'initializing' : conversion from 'hsize_t' to 'unsigned int', possible loss of data
     1>c:\users\davidlp\documents\visual studio 2010\projects\blosc\rawdataconverter\rawdataconverter.cpp(213): warning C4244: 'initializing' : conversion from 'hsize_t' to 'unsigned int', possible loss of data
     1>c:\users\davidlp\documents\visual studio 2010\projects\blosc\rawdataconverter\rawdataconverter.cpp(291): warning C4244: 'initializing' : conversion from 'hsize_t' to 'unsigned int', possible loss of data
     1>c:\users\davidlp\documents\visual studio 2010\projects\blosc\rawdataconverter\rawdataconverter.cpp(353): warning C4244: 'argument' : conversion from 'hsize_t' to 'int', possible loss of data
     1>c:\users\davidlp\documents\visual studio 2010\projects\blosc\rawdataconverter\rawdataconverter.cpp(370): warning C4244: 'argument' : conversion from 'hsize_t' to 'int', possible loss of data
     1>c:\users\davidlp\documents\visual studio 2010\projects\blosc\rawdataconverter\rawdataconverter.cpp(308): warning C4101: 'dst_buf' : unreferenced local variable
         Occupancy.cpp
         Interpret.cpp
         Generating Code...
       ManifestResourceCompile:
         All outputs are up-to-date.
       Link:
         c:\Program Files\Microsoft Visual Studio 10.0\VC\bin\link.exe /ERRORREPORT:PROMPT /OUT:"C:\Users\DavidLP\Documents\Visual Studio 2010\Projects\BLOSC\Debug\RawDataConverter.exe" /INCREMENTAL /NOLOGO "C:\Progra~1\HDF_Group\HDF5\1.8.10/lib/hdf5dll.lib" "C:\Progra~1\HDF_Group\HDF5\1.8.10/lib/hdf5_cppdll.lib" "C:\Progra~1\HDF_Group\blosc-1.1.5/bin/Release/blosc.obj" "C:\Progra~1\HDF_Group\blosc-1.1.5/bin/Release/blosclz.obj" "C:\Progra~1\HDF_Group\blosc-1.1.5/bin/Release/shuffle.obj" "C:\Progra~1\HDF_Group\HDF5\1.8.10/lib/hdf5_hldll.lib" kernel32.lib user32.lib gdi32.lib winspool.lib comdlg32.lib advapi32.lib shell32.lib ole32.lib oleaut32.lib uuid.lib odbc32.lib odbccp32.lib /MANIFEST /ManifestFile:"Debug\RawDataConverter.exe.intermediate.manifest" /MANIFESTUAC:"level='asInvoker' uiAccess='false'" /DEBUG /PDB:"C:\Users\DavidLP\Documents\Visual Studio 2010\Projects\BLOSC\Debug\RawDataConverter.pdb" /SUBSYSTEM:CONSOLE /TLBID:1 /DYNAMICBASE /NXCOMPAT /IMPLIB:"C:\Users\DavidLP\Documents\Visual Studio 2010\Projects\BLOSC\Debug\RawDataConverter.lib" /MACHINE:X86 Debug\RawDataConverter.exe.embed.manifest.res
         Debug\blosc_filter.obj
         Debug\Interpret.obj
         Debug\Occupancy.obj
         Debug\RawDataConverter.obj
         Debug\stdafx.obj
         blosc.obj : MSIL .netmodule or module compiled with /GL found; restarting link with /LTCG; add /LTCG to the link command line to improve linker performance
     1>LINK : warning LNK4075: ignoring '/INCREMENTAL' due to '/LTCG' specification
     1>LINK : warning LNK4098: defaultlib 'MSVCRTD' conflicts with use of other libs; use /NODEFAULTLIB:library
         Generating code
         Finished generating code
       Manifest:
         C:\Program Files\Microsoft SDKs\Windows\v7.0A\bin\mt.exe /nologo /verbose /out:"Debug\RawDataConverter.exe.embed.manifest" /manifest Debug\RawDataConverter.exe.intermediate.manifest
         All outputs are up-to-date.
       LinkEmbedManifest:
         All outputs are up-to-date.
         RawDataConverter.vcxproj -> C:\Users\DavidLP\Documents\Visual Studio 2010\Projects\BLOSC\Debug\RawDataConverter.exe
       FinalizeBuildStatus:
         Deleting file "Debug\RawDataConverter.unsuccessfulbuild".
         Touching "Debug\RawDataConverter.lastbuildstate".
     1>Done Building Project "C:\Users\DavidLP\Documents\Visual Studio 2010\Projects\BLOSC\RawDataConverter\RawDataConverter.vcxproj" (build target(s)).

Build succeeded.

Time Elapsed 00:00:03.30
